
aa 55 01 02 01 01 02 fd 09 08 00 46 0a 00 00 00 00 00 00 65
aa 55 01 02 01 01 02 f8 09 08 00 00 00 00 00 00 00 00 00 10
aa 55 01 02 01 01 0b f5 09 08 00 7a 08 00 00 00 00 00 00 98
aa 55 01 02 01 01 02 fd 09 08 00 ec 09 00 00 00 00 00 00 0a
aa 55 01 02 01 01 02 f8 09 08 00 00 00 00 00 00 00 00 00 10
aa 55 01 02 01 01 0b f5 09 08 00 d0 07 00 00 00 00 00 00 ed
aa 55 01 02 01 01 02 fd 09 08 00 82 0a 00 00 00 00 00 00 a1
aa 55 01 02 01 01 02 f8 09 08 00 00 00 00 00 00 00 00 00 10
aa 55 01 02 01 01 0b f5 09 08 00 5c 08 00 00 00 00 00 00 7a
aa 55 01 02 01 01 02 f8 09 08 00 00 00 00 00 00 00 00 00 10
aa 55 01 02 01 01 0b f5 09 08 00 0c 08 00 00 00 00 00 00 2a
aa 55 01 02 01 01 02 fd 09 08 00 3c 0a 00 00 00 00 00 00 5b
aa 55 01 02 01 01 02 f8 09 08 00 00 00 00 00 00 00 00 00 10
aa 55 01 02 01 01 0b f5 09 08 00 3e 08 00 00 00 00 00 00 5c
aa 55 01 02 01 01 02 fd 09 08 00 a6 09 00 00 00 00 00 00 c4
aa 55 01 02 01 01 02 f8 09 08 00 00 00 00 00 00 00 00 00 10
aa 55 01 02 01 01 0b f5 09 08 00 52 08 00 00 00 00 00 00 70
aa 55 01 02 01 01 02 fd 09 08 00 7e 09 00 00 00 00 00 00 9c
aa 55 01 02 01 01 02 f8 09 08 00 00 00 00 00 00 00 00 00 10
aa 55 01 02 01 01 0b f5 09 08 00 16 08 00 00 00 00 00 00 34
aa 55 01 02 01 01 02 fd 09 08 00 e8 08 00 00 00 00 00 00 05
aa 55 01 02 01 01 02 f8 09 08 00 00 00 00 00 00 00 00 00 10
aa 55 01 02 01 01 0b f5 09 08 00 e4 07 00 00 00 00 00 00 01
aa 55 01 02 01 01 02 f8 09 08 00 00 00 00 00 00 00 00 00 10
aa 55 01 02 01 01 0b f5 09 08 00 ee 07 00 00 00 00 00 00 0b
aa 55 01 02 01 01 02 f8 09 08 00 00 00 00 00 00 00 00 00 10
aa 55 01 02 01 01 0b f5 09 08 00 da 07 00 00 00 00 00 00 f7
aa 55 01 02 01 01 02 fd 09 08 00 ac 08 00 00 00 00 00 00 c9
aa 55 01 02 01 01 02 f8 09 08 00 00 00 00 00 00 00 00 00 10
aa 55 01 02 01 01 0b f5 09 08 00 bc 07 00 00 00 00 00 00 d9
aa 55 01 02 01 01 02 fd 09 08 00 98 08 00 00 00 00 00 00 b5
aa 55 01 02 01 01 02 f8 09 08 00 00 00 00 00 00 00 00 00 10
aa 55 01 02 01 01 0b f5 09 08 00 bc 07 00 00 00 00 00 00 d9
aa 55 01 02 01 01 02 f8 09 08 00 00 00 00 00 00 00 00 00 10
aa 55 01 02 01 01 0b f5 09 08 00 b2 07 00 00 00 00 00 00 cf
aa 55 01 02 01 01 02 f8 09 08 00 00 00 00 00 00 00 00 00 10
aa 55 01 02 01 01 0b f5 09 08 00 a8 07 00 00 00 00 00 00 c5
aa 55 01 02 01 01 02 f8 09 08 00 00 00 00 00 00 00 00 00 10
aa 55 01 02 01 01 0b f5 09 08 00 d0 07 00 00 00 00 00 00 ed
aa 55 01 02 01 01 02 f8 09 08 00 00 00 00 00 00 00 00 00 10
aa 55 01 02 01 01 0b f5 09 08 00 94 07 00 00 00 00 00 00 b1
aa 55 01 02 01 01 02 fd 09 08 00 d0 07 00 00 00 00 00 00 ec
aa 55 01 02 01 01 02 f8 09 08 00 00 00 00 00 00 00 00 00 10
aa 55 01 02 01 01 0b f5 09 08 00 d0 07 00 00 00 00 00 00 ed
aa 55 01 02 01 01 02 fd 09 08 00 e0 06 00 00 00 00 00 00 fb
aa 55 01 02 01 01 02 f8 09 08 00 00 00 00 00 00 00 00 00 10
aa 55 01 02 01 01 0b f5 09 08 00 3a 07 00 00 00 00 00 00 57
aa 55 01 02 01 01 02 fd 09 08 00 b8 06 00 00 00 00 00 00 d3
aa 55 01 02 01 01 02 f8 09 08 00 00 00 00 00 00 00 00 00 10
aa 55 01 02 01 01 0b f5 09 08 00 1c 07 00 00 00 00 00 00 39
aa 55 01 02 01 01 02 f8 09 08 00 00 00 00 00 00 00 00 00 10
aa 55 01 02 01 01 0b f5 09 08 00 d0 07 00 00 00 00 00 00 ed
aa 55 01 02 01 01 02 f8 09 08 00 00 00 00 00 00 00 00 00 10
aa 55 01 02 01 01 0b f5 09 08 00 76 07 00 00 00 00 00 00 93
aa 55 01 02 01 01 02 fd 09 08 00 26 07 00 00 00 00 00 00 42
aa 55 01 02 01 01 02 f8 09 08 00 00 00 00 00 00 00 00 00 10
aa 55 01 02 01 01 0b f5 09 08 00 6c 07 00 00 00 00 00 00 89
aa 55 01 02 01 01 02 fd 09 08 00 d6 06 00 00 00 00 00 00 f1
aa 55 01 02 01 01 02 f8 09 08 00 00 00 00 00 00 00 00 00 10
aa 55 01 02 01 01 0b f5 09 08 00 4e 07 00 00 00 00 00 00 6b
aa 55 01 02 01 01 02 fd 09 08 00 c2 06 00 00 00 00 00 00 dd
aa 55 01 02 01 01 02 f8 09 08 00 00 00 00 00 00 00 00 00 10
aa 55 01 02 01 01 0b f5 09 08 00 6c 07 00 00 00 00 00 00 89
aa 55 01 02 01 01 02 fd 09 08 00 08 07 00 00 00 00 00 00 24
aa 55 01 02 01 01 02 f8 09 08 00 00 00 00 00 00 00 00 00 10
aa 55 01 02 01 01 0b f5 09 08 00 6c 07 00 00 00 00 00 00 89
aa 55 01 02 01 01 02 fd 09 08 00 40 06 00 00 00 00 00 00 5b
aa 55 01 02 01 01 02 f8 09 08 00 00 00 00 00 00 00 00 00 10
aa 55 01 02 01 01 0b f5 09 08 00 d0 07 00 00 00 00 00 00 ed
aa 55 01 02 01 01 02 fd 09 08 00 86 06 00 00 00 00 00 00 a1
aa 55 01 02 01 01 02 f8 09 08 00 00 00 00 00 00 00 00 00 10
aa 55 01 02 01 01 0b f5 09 08 00 a8 07 00 00 00 00 00 00 c5
aa 55 01 02 01 01 02 f8 09 08 00 00 00 00 00 00 00 00 00 10
aa 55 01 02 01 01 0b f5 09 08 00 d0 07 00 00 00 00 00 00 ed
aa 55 01 02 01 01 02 fd 09 08 00 68 06 00 00 00 00 00 00 83
aa 55 01 02 01 01 02 f8 09 08 00 00 00 00 00 00 00 00 00 10
aa 55 01 02 01 01 0b f5 09 08 00 26 07 00 00 00 00 00 00 43
aa 55 01 02 01 01 02 fd 09 08 00 3a 07 00 00 00 00 00 00 56
aa 55 01 02 01 01 02 f8 09 08 00 00 00 00 00 00 00 00 00 10
aa 55 01 02 01 01 0b f5 09 08 00 e4 07 00 00 00 00 00 00 01
aa 55 01 02 01 01 02 f8 09 08 00 00 00 00 00 00 00 00 00 10
aa 55 01 02 01 01 0b f5 09 08 00 d0 07 00 00 00 00 00 00 ed
aa 55 01 02 01 01 02 fd 09 08 00 e0 06 00 00 00 00 00 00 fb
aa 55 01 02 01 01 02 f8 09 08 00 00 00 00 00 00 00 00 00 10
aa 55 01 02 01 01 0b f5 09 08 00 4e 07 00 00 00 00 00 00 6b
aa 55 01 02 01 01 02 fd 09 08 00 4e 07 00 00 00 00 00 00 6a
aa 55 01 02 01 01 02 f8 09 08 00 00 00 00 00 00 00 00 00 10
aa 55 01 02 01 01 0b f5 09 08 00 62 07 00 00 00 00 00 00 7f
aa 55 01 02 01 01 02 f8 09 08 00 00 00 00 00 00 00 00 00 10
aa 55 01 02 01 01 0b f5 09 08 00 76 07 00 00 00 00 00 00 93
aa 55 01 02 01 01 02 fd 09 08 00 4e 07 00 00 00 00 00 00 6a
aa 55 01 02 01 01 02 f8 09 08 00 00 00 00 00 00 00 00 00 10
aa 55 01 02 01 01 0b f5 09 08 00 d0 07 00 00 00 00 00 00 ed
aa 55 01 02 01 01 02 fd 09 08 00 80 07 00 00 00 00 00 00 9c
aa 55 01 02 01 01 02 f8 09 08 00 00 00 00 00 00 00 00 00 10
aa 55 01 02 01 01 0b f5 09 08 00 94 07 00 00 00 00 00 00 b1
aa 55 01 02 01 01 02 fd 09 08 00 3e 08 00 00 00 00 00 00 5b
aa 55 01 02 01 01 02 f8 09 08 00 00 00 00 00 00 00 00 00 10
aa 55 01 02 01 01 0b f5 09 08 00 bc 07 00 00 00 00 00 00 d9
aa 55 01 02 01 01 02 fd 09 08 00 34 08 00 00 00 00 00 00 51
aa 55 01 02 01 01 02 f8 09 08 00 00 00 00 00 00 00 00 00 10
aa 55 01 02 01 01 0b f5 09 08 00 c6 07 00 00 00 00 00 00 e3
aa 55 01 02 01 01 02 f8 09 08 00 00 00 00 00 00 00 00 00 10
aa 55 01 02 01 01 0b f5 09 08 00 d0 07 00 00 00 00 00 00 ed
aa 55 01 02 01 01 02 f8 09 08 00 00 00 00 00 00 00 00 00 10
aa 55 01 02 01 01 0b f5 09 08 00 bc 07 00 00 00 00 00 00 d9
aa 55 01 02 01 01 02 f8 09 08 00 00 00 00 00 00 00 00 00 10
aa 55 01 02 01 01 0b f5 09 08 00 d0 07 00 00 00 00 00 00 ed
aa 55 01 02 01 01 02 fd 09 08 00 c0 08 00 00 00 00 00 00 dd
aa 55 01 02 01 01 02 f8 09 08 00 00 00 00 00 00 00 00 00 10
aa 55 01 02 01 01 0b f5 09 08 00 b2 07 00 00 00 00 00 00 cf
aa 55 01 02 01 01 02 f8 09 08 00 00 00 00 00 00 00 00 00 10
aa 55 01 02 01 01 0b f5 09 08 00 a8 07 00 00 00 00 00 00 c5
aa 55 01 02 01 01 02 f8 09 08 00 00 00 00 00 00 00 00 00 10
aa 55 01 02 01 01 0b f5 09 08 00 0c 08 00 00 00 00 00 00 2a
aa 55 01 02 01 01 02 f8 09 08 00 00 00 00 00 00 00 00 00 10
aa 55 01 02 01 01 0b f5 09 08 00 b2 07 00 00 00 00 00 00 cf
aa 55 01 02 01 01 02 f8 09 08 00 00 00 00 00 00 00 00 00 10
aa 55 01 02 01 01 02 f8 09 08 00 00 00 00 00 00 00 00 00 10
aa 55 01 02 01 01 0b f5 09 08 00 bc 07 00 00 00 00 00 00 d9
aa 55 01 02 01 01 02 fd 09 08 00 5a 0a 00 00 00 00 00 00 79
aa 55 01 02 01 01 02 f8 09 08 00 00 00 00 00 00 00 00 00 10
aa 55 01 02 01 01 0b f5 09 08 00 c6 07 00 00 00 00 00 00 e3
aa 55 01 02 01 01 02 fd 09 08 00 8c 0a 00 00 00 00 00 00 ab
aa 55 01 02 01 01 02 f8 09 08 00 00 00 00 00 00 00 00 00 10
aa 55 01 02 01 01 0b f5 09 08 00 d0 07 00 00 00 00 00 00 ed